{"logTime": "0121/092031", "correlationVector":"kLyK2lWcZixTK1VABz+756.170","action":"GetUpdates", "result":"DeleteReceived", "context":{"id":"8259b34e-4626-43f6-87bb-4495656ae320", "isDeleted:":"true", "version":"1703074664153"}}
{"logTime": "0121/092031", "correlationVector":"kLyK2lWcZixTK1VABz+756.171","action":"GetUpdates", "result":"DeleteReceived", "context":{"id":"17588a07-41bb-4af6-bb2b-73cab6e98935", "isDeleted:":"true", "version":"1703074664701"}}
{"logTime": "0121/092031", "correlationVector":"kLyK2lWcZixTK1VABz+756.172","action":"GetUpdates", "result":"DeleteReceived", "context":{"id":"c6bfbe7e-139b-4630-84df-3367e527af9c", "isDeleted:":"true", "version":"1703074665240"}}
{"logTime": "0121/092031", "correlationVector":"kLyK2lWcZixTK1VABz+756.173","action":"GetUpdates", "result":"DeleteReceived", "context":{"id":"d2d46c2e-ae5d-427d-9f62-215744f1a39f", "isDeleted:":"true", "version":"1703074665756"}}
{"logTime": "0121/092031", "correlationVector":"kLyK2lWcZixTK1VABz+756.174","action":"GetUpdates", "result":"DeleteReceived", "context":{"id":"86fe9e55-94e9-4644-8b87-0474899f4b71", "isDeleted:":"true", "version":"1703074666267"}}
{"logTime": "0121/092031", "correlationVector":"kLyK2lWcZixTK1VABz+756.175","action":"GetUpdates", "result":"DeleteReceived", "context":{"id":"e8b4586a-2012-4e50-98e8-ef2a1abda391", "isDeleted:":"true", "version":"1703074666858"}}
{"logTime": "0121/092031", "correlationVector":"kLyK2lWcZixTK1VABz+756.176","action":"GetUpdates", "result":"DeleteReceived", "context":{"id":"1457180d-27a5-4e3f-8d4b-2e8fdb66e6ec", "isDeleted:":"true", "version":"1703074694002"}}
{"logTime": "0121/092031", "correlationVector":"kLyK2lWcZixTK1VABz+756.177","action":"GetUpdates", "result":"DeleteReceived", "context":{"id":"f73fc8e1-5f61-4b81-b2cd-0302d44ee056", "isDeleted:":"true", "version":"1703074694003"}}
{"logTime": "0121/092031", "correlationVector":"kLyK2lWcZixTK1VABz+756.178","action":"GetUpdates", "result":"DeleteReceived", "context":{"id":"cdad75a7-f6ef-4e65-b433-9b8e561d6b9a", "isDeleted:":"true", "version":"1703074694004"}}
{"logTime": "0121/092031", "correlationVector":"kLyK2lWcZixTK1VABz+756.179","action":"GetUpdates", "result":"DeleteReceived", "context":{"id":"d63e96df-01ac-47dc-b4b7-945dc88eab93", "isDeleted:":"true", "version":"1703075093327"}}
{"logTime": "0121/092031", "correlationVector":"kLyK2lWcZixTK1VABz+756.180","action":"GetUpdates", "result":"DeleteReceived", "context":{"id":"499c8680-64c8-4935-a914-cfe3718580c6", "isDeleted:":"true", "version":"1703075297599"}}
{"logTime": "0121/092031", "correlationVector":"kLyK2lWcZixTK1VABz+756.181","action":"GetUpdates", "result":"DeleteReceived", "context":{"id":"e8607445-56c5-4425-9344-b7dda681572e", "isDeleted:":"true", "version":"1703076050678"}}
{"logTime": "0121/092031", "correlationVector":"kLyK2lWcZixTK1VABz+756.182","action":"GetUpdates", "result":"DeleteReceived", "context":{"id":"57ffa48b-0bb9-44ad-a346-f3a07fd37050", "isDeleted:":"true", "version":"1703076133870"}}
{"logTime": "0121/092031", "correlationVector":"kLyK2lWcZixTK1VABz+756.183","action":"GetUpdates", "result":"DeleteReceived", "context":{"id":"7f046dca-558d-431c-b0c6-7e51657503c6", "isDeleted:":"true", "version":"1703077873626"}}
{"logTime": "0121/092031", "correlationVector":"kLyK2lWcZixTK1VABz+756.184","action":"GetUpdates", "result":"DeleteReceived", "context":{"id":"af6fd0ae-0bf3-482e-8387-6d6ed71dcc88", "isDeleted:":"true", "version":"1703078213762"}}
{"logTime": "0121/092031", "correlationVector":"kLyK2lWcZixTK1VABz+756.185","action":"GetUpdates", "result":"DeleteReceived", "context":{"id":"c1cd4076-0564-4885-b376-9019730d9d57", "isDeleted:":"true", "version":"1703107653919"}}
{"logTime": "0121/092031", "correlationVector":"kLyK2lWcZixTK1VABz+756.186","action":"GetUpdates", "result":"DeleteReceived", "context":{"id":"380bd393-9137-491f-888a-dd043afccaa1", "isDeleted:":"true", "version":"1703108809709"}}
{"logTime": "0121/092031", "correlationVector":"kLyK2lWcZixTK1VABz+756.187","action":"GetUpdates", "result":"DeleteReceived", "context":{"id":"5c15385e-da4d-40b0-b093-3d06f9addb3b", "isDeleted:":"true", "version":"1703108809710"}}
{"logTime": "0121/092031", "correlationVector":"kLyK2lWcZixTK1VABz+756.188","action":"GetUpdates", "result":"DeleteReceived", "context":{"id":"4890d865-08c5-420e-864a-9655261a411b", "isDeleted:":"true", "version":"1703108809712"}}
{"logTime": "0121/092031", "correlationVector":"kLyK2lWcZixTK1VABz+756.189","action":"GetUpdates", "result":"DeleteReceived", "context":{"id":"4422a22d-085c-490b-9e6a-a5ed6b636387", "isDeleted:":"true", "version":"1703108809713"}}
{"logTime": "0121/092031", "correlationVector":"kLyK2lWcZixTK1VABz+756.190","action":"GetUpdates", "result":"DeleteReceived", "context":{"id":"edac5e0a-2a17-47ef-b116-1d87e03bec6e", "isDeleted:":"true", "version":"1703108809714"}}
{"logTime": "0121/092031", "correlationVector":"kLyK2lWcZixTK1VABz+756.191","action":"GetUpdates", "result":"DeleteReceived", "context":{"id":"13333384-2466-4064-8b91-9c6808a9c306", "isDeleted:":"true", "version":"1703108809715"}}
{"logTime": "0121/092031", "correlationVector":"kLyK2lWcZixTK1VABz+756.192","action":"GetUpdates", "result":"DeleteReceived", "context":{"id":"bdd00607-0e52-4029-b8da-488de44080ba", "isDeleted:":"true", "version":"1703166138711"}}
{"logTime": "0121/092031", "correlationVector":"kLyK2lWcZixTK1VABz+756.193","action":"GetUpdates", "result":"DeleteReceived", "context":{"id":"7ca6249a-8abb-43a0-918d-a5c91ddf8aed", "isDeleted:":"true", "version":"1703166138712"}}
{"logTime": "0121/092031", "correlationVector":"kLyK2lWcZixTK1VABz+756.194","action":"GetUpdates", "result":"DeleteReceived", "context":{"id":"bc0b678b-7c9d-482c-a0b5-5a72d3f36524", "isDeleted:":"true", "version":"1703197835330"}}
{"logTime": "0121/092031", "correlationVector":"kLyK2lWcZixTK1VABz+756.195","action":"GetUpdates", "result":"DeleteReceived", "context":{"id":"fd349947-a236-48e3-b220-5375043be52f", "isDeleted:":"true", "version":"1703197835331"}}
{"logTime": "0121/092031", "correlationVector":"kLyK2lWcZixTK1VABz+756.196","action":"GetUpdates", "result":"DeleteReceived", "context":{"id":"ea2c6661-3953-43e8-a6fb-467bf183a55e", "isDeleted:":"true", "version":"1703197835333"}}
{"logTime": "0121/092031", "correlationVector":"kLyK2lWcZixTK1VABz+756.197","action":"GetUpdates", "result":"DeleteReceived", "context":{"id":"99701cc0-5e61-4e7f-9b0f-ecfabc27f6a1", "isDeleted:":"true", "version":"1703197835334"}}
{"logTime": "0121/092031", "correlationVector":"kLyK2lWcZixTK1VABz+756.198","action":"GetUpdates", "result":"DeleteReceived", "context":{"id":"bed4ea2a-a606-48d5-a8c4-88686de74a4c", "isDeleted:":"true", "version":"1703197835335"}}
{"logTime": "0121/092031", "correlationVector":"kLyK2lWcZixTK1VABz+756.199","action":"GetUpdates", "result":"DeleteReceived", "context":{"id":"af708fbb-4f20-4448-a9c9-dc75e6bc29dd", "isDeleted:":"true", "version":"1703197835336"}}
{"logTime": "0121/092031", "correlationVector":"kLyK2lWcZixTK1VABz+756.200","action":"GetUpdates", "result":"DeleteReceived", "context":{"id":"64462265-d798-4e06-9c17-0c20c0596d6e", "isDeleted:":"true", "version":"1703200353284"}}
{"logTime": "0121/092031", "correlationVector":"kLyK2lWcZixTK1VABz+756.201","action":"GetUpdates Response", "result":"SERVER_MORE_TO_DOWNLOAD", "context":Received 250 update(s).  Some updates remain.}
{"logTime": "0121/092031", "correlationVector":"mGOe4Ig0oRkXNtCAjNllEb","action":"Initial GetUpdates", "result":"", "context":Reason: RECONFIGURATION. cV=mGOe4Ig0oRkXNtCAjNllEb}
{"logTime": "0121/092031", "correlationVector":"mGOe4Ig0oRkXNtCAjNllEb.1","action":"SyncServerConnectionManagerRequest", "result":"SYNC_SERVER_OK", "context":{"environment":"Prod_SoutheastAsia_000j", "migrationStage":"NotStarted", "server":"GENERAL03000006"}}
{"logTime": "0121/092031", "correlationVector":"mGOe4Ig0oRkXNtCAjNllEb.2","action":"GetUpdates", "result":"DeleteReceived", "context":{"id":"9021a303-db3c-447b-8291-6baead6f6036", "isDeleted:":"true", "version":"1703201180463"}}
{"logTime": "0121/092031", "correlationVector":"mGOe4Ig0oRkXNtCAjNllEb.3","action":"GetUpdates", "result":"DeleteReceived", "context":{"id":"5d40107b-dc36-49b2-9dc9-c0714465ad67", "isDeleted:":"true", "version":"1703201180464"}}
{"logTime": "0121/092031", "correlationVector":"mGOe4Ig0oRkXNtCAjNllEb.4","action":"GetUpdates", "result":"DeleteReceived", "context":{"id":"23fd88a3-f78c-428f-ae27-716a5974d6e4", "isDeleted:":"true", "version":"1703201180465"}}
{"logTime": "0121/092031", "correlationVector":"mGOe4Ig0oRkXNtCAjNllEb.5","action":"GetUpdates", "result":"DeleteReceived", "context":{"id":"c5ce55f6-bef4-4c66-a1bd-e22066beb8ae", "isDeleted:":"true", "version":"1703201180466"}}
{"logTime": "0121/092031", "correlationVector":"mGOe4Ig0oRkXNtCAjNllEb.6","action":"GetUpdates", "result":"DeleteReceived", "context":{"id":"c7d886f4-4816-4017-ba38-43a32239e023", "isDeleted:":"true", "version":"1703205472358"}}
{"logTime": "0121/092031", "correlationVector":"mGOe4Ig0oRkXNtCAjNllEb.7","action":"GetUpdates", "result":"DeleteReceived", "context":{"id":"f323fa1e-5de7-4be7-b638-a7e8ee9b6736", "isDeleted:":"true", "version":"1703211740128"}}
{"logTime": "0121/092031", "correlationVector":"mGOe4Ig0oRkXNtCAjNllEb.8","action":"GetUpdates", "result":"DeleteReceived", "context":{"id":"eba1c593-a357-4254-ae22-39d11c470182", "isDeleted:":"true", "version":"1703211740129"}}
{"logTime": "0121/092031", "correlationVector":"mGOe4Ig0oRkXNtCAjNllEb.9","action":"GetUpdates", "result":"DeleteReceived", "context":{"id":"af62cb50-548e-493b-9eba-001fda3530c0", "isDeleted:":"true", "version":"1703230112617"}}
{"logTime": "0121/092031", "correlationVector":"mGOe4Ig0oRkXNtCAjNllEb.10","action":"GetUpdates", "result":"DeleteReceived", "context":{"id":"5481d98d-d373-4bfa-beba-792187348a29", "isDeleted:":"true", "version":"1703236981993"}}
{"logTime": "0121/092031", "correlationVector":"mGOe4Ig0oRkXNtCAjNllEb.11","action":"GetUpdates", "result":"DeleteReceived", "context":{"id":"aafe3c21-c594-4f86-a8e9-36539c6d2254", "isDeleted:":"true", "version":"1703250372466"}}
{"logTime": "0121/092031", "correlationVector":"mGOe4Ig0oRkXNtCAjNllEb.12","action":"GetUpdates", "result":"DeleteReceived", "context":{"id":"2c87d4f5-ae7f-408e-86d2-99cc125c88ba", "isDeleted:":"true", "version":"1703254822782"}}
{"logTime": "0121/092031", "correlationVector":"mGOe4Ig0oRkXNtCAjNllEb.13","action":"GetUpdates", "result":"DeleteReceived", "context":{"id":"a7aabef0-2ed5-490c-96d3-9f1b9a5922ac", "isDeleted:":"true", "version":"1703254832940"}}
{"logTime": "0121/092031", "correlationVector":"mGOe4Ig0oRkXNtCAjNllEb.14","action":"GetUpdates", "result":"DeleteReceived", "context":{"id":"0d896233-0a13-4d13-a6ee-d802cfec06b9", "isDeleted:":"true", "version":"1703254832942"}}
{"logTime": "0121/092031", "correlationVector":"mGOe4Ig0oRkXNtCAjNllEb.15","action":"GetUpdates", "result":"DeleteReceived", "context":{"id":"c56f23ef-bc0d-43a8-869d-9c0c86271a59", "isDeleted:":"true", "version":"1703255404923"}}
{"logTime": "0121/092031", "correlationVector":"mGOe4Ig0oRkXNtCAjNllEb.16","action":"GetUpdates", "result":"DeleteReceived", "context":{"id":"dea34616-b47a-476f-8209-43a1abcc5382", "isDeleted:":"true", "version":"1703299025866"}}
{"logTime": "0121/092031", "correlationVector":"mGOe4Ig0oRkXNtCAjNllEb.17","action":"GetUpdates", "result":"DeleteReceived", "context":{"id":"f981f542-f8c7-4028-9105-af2abfcb4e8b", "isDeleted:":"true", "version":"1703299558982"}}
{"logTime": "0121/092031", "correlationVector":"mGOe4Ig0oRkXNtCAjNllEb.18","action":"GetUpdates", "result":"DeleteReceived", "context":{"id":"46807e9f-9588-4179-8d8a-3ec798b8a983", "isDeleted:":"true", "version":"1703299558983"}}
{"logTime": "0121/092031", "correlationVector":"mGOe4Ig0oRkXNtCAjNllEb.19","action":"GetUpdates", "result":"DeleteReceived", "context":{"id":"a4393ded-9691-431b-aeeb-32fac29c89c3", "isDeleted:":"true", "version":"1703299558984"}}
{"logTime": "0121/092031", "correlationVector":"mGOe4Ig0oRkXNtCAjNllEb.20","action":"GetUpdates", "result":"DeleteReceived", "context":{"id":"3618bbfa-72d3-4540-bbb7-e1a3bfa49a19", "isDeleted:":"true", "version":"1703299558985"}}
{"logTime": "0121/092031", "correlationVector":"mGOe4Ig0oRkXNtCAjNllEb.21","action":"GetUpdates", "result":"DeleteReceived", "context":{"id":"fb6407f8-a8cb-4946-956e-49b92cd93767", "isDeleted:":"true", "version":"1703299558987"}}
{"logTime": "0121/092031", "correlationVector":"mGOe4Ig0oRkXNtCAjNllEb.22","action":"GetUpdates", "result":"DeleteReceived", "context":{"id":"bd21807f-6999-4251-95f6-1d3220926771", "isDeleted:":"true", "version":"1703299558988"}}
{"logTime": "0121/092031", "correlationVector":"mGOe4Ig0oRkXNtCAjNllEb.23","action":"GetUpdates", "result":"DeleteReceived", "context":{"id":"ef8aac26-e942-482e-9887-da9e16c89572", "isDeleted:":"true", "version":"1703299558989"}}
{"logTime": "0121/092031", "correlationVector":"mGOe4Ig0oRkXNtCAjNllEb.24","action":"GetUpdates", "result":"DeleteReceived", "context":{"id":"813103f0-3bce-487f-8247-3f53b1243593", "isDeleted:":"true", "version":"1703299558990"}}
{"logTime": "0121/092031", "correlationVector":"mGOe4Ig0oRkXNtCAjNllEb.25","action":"GetUpdates", "result":"DeleteReceived", "context":{"id":"1201c5d0-f12a-4a9f-abc4-418f095957c3", "isDeleted:":"true", "version":"1703299558991"}}
{"logTime": "0121/092031", "correlationVector":"mGOe4Ig0oRkXNtCAjNllEb.26","action":"GetUpdates", "result":"DeleteReceived", "context":{"id":"6b622ea7-3527-40e4-b28c-48a62d5c0012", "isDeleted:":"true", "version":"1703299558992"}}
{"logTime": "0121/092031", "correlationVector":"mGOe4Ig0oRkXNtCAjNllEb.27","action":"GetUpdates", "result":"DeleteReceived", "context":{"id":"870e46c2-c74d-46ec-b25d-b6c781751e0a", "isDeleted:":"true", "version":"1703299558993"}}
{"logTime": "0121/092031", "correlationVector":"mGOe4Ig0oRkXNtCAjNllEb.28","action":"GetUpdates", "result":"DeleteReceived", "context":{"id":"d1fdb6e5-135d-412e-a1b1-cca4ee268a9b", "isDeleted:":"true", "version":"1703299558994"}}
{"logTime": "0121/092031", "correlationVector":"mGOe4Ig0oRkXNtCAjNllEb.29","action":"GetUpdates", "result":"DeleteReceived", "context":{"id":"682f258e-f41b-45bb-b115-face68e08652", "isDeleted:":"true", "version":"1703299558995"}}
{"logTime": "0121/092031", "correlationVector":"mGOe4Ig0oRkXNtCAjNllEb.30","action":"GetUpdates", "result":"DeleteReceived", "context":{"id":"ff07d994-585f-4cab-bccd-f6bdc1fde634", "isDeleted:":"true", "version":"1703299558996"}}
{"logTime": "0121/092031", "correlationVector":"mGOe4Ig0oRkXNtCAjNllEb.31","action":"GetUpdates", "result":"DeleteReceived", "context":{"id":"aaceca3c-ed40-4014-805c-80e911d7139b", "isDeleted:":"true", "version":"1703301436760"}}
{"logTime": "0121/092031", "correlationVector":"mGOe4Ig0oRkXNtCAjNllEb.32","action":"GetUpdates", "result":"DeleteReceived", "context":{"id":"50afa6f1-0f2a-4de4-8ac2-6544ce8cc288", "isDeleted:":"true", "version":"1703301436761"}}
{"logTime": "0121/092031", "correlationVector":"mGOe4Ig0oRkXNtCAjNllEb.33","action":"GetUpdates", "result":"DeleteReceived", "context":{"id":"90d759b7-343e-4981-9067-83b011f76f53", "isDeleted:":"true", "version":"1703301436762"}}
{"logTime": "0121/092031", "correlationVector":"mGOe4Ig0oRkXNtCAjNllEb.34","action":"GetUpdates", "result":"DeleteReceived", "context":{"id":"218d2968-9db9-4025-9162-9a18929109d0", "isDeleted:":"true", "version":"1703304747132"}}
{"logTime": "0121/092031", "correlationVector":"mGOe4Ig0oRkXNtCAjNllEb.35","action":"GetUpdates", "result":"DeleteReceived", "context":{"id":"442671ca-3713-427d-9ba3-38e88152fb5c", "isDeleted:":"true", "version":"1703304747133"}}
{"logTime": "0121/092031", "correlationVector":"mGOe4Ig0oRkXNtCAjNllEb.36","action":"GetUpdates", "result":"DeleteReceived", "context":{"id":"5331a139-5f2b-41e9-bdcb-6c68e8ca142d", "isDeleted:":"true", "version":"1703304747134"}}
{"logTime": "0121/092031", "correlationVector":"mGOe4Ig0oRkXNtCAjNllEb.37","action":"GetUpdates", "result":"DeleteReceived", "context":{"id":"6328d935-d273-484c-ba12-5f79ceee60c0", "isDeleted:":"true", "version":"1703305037716"}}
{"logTime": "0121/092031", "correlationVector":"mGOe4Ig0oRkXNtCAjNllEb.38","action":"GetUpdates", "result":"DeleteReceived", "context":{"id":"a650cbc7-c0fd-4338-a7e7-cca827c64eb6", "isDeleted:":"true", "version":"1703307598661"}}
{"logTime": "0121/092031", "correlationVector":"mGOe4Ig0oRkXNtCAjNllEb.39","action":"GetUpdates", "result":"DeleteReceived", "context":{"id":"78d99cf9-642f-4568-89a2-d2fd56ebe7d5", "isDeleted:":"true", "version":"1703315208799"}}
{"logTime": "0121/092031", "correlationVector":"mGOe4Ig0oRkXNtCAjNllEb.40","action":"GetUpdates", "result":"DeleteReceived", "context":{"id":"24401e65-40b7-4cdd-807f-6fc96e48a04d", "isDeleted:":"true", "version":"1703315208802"}}
{"logTime": "0121/092031", "correlationVector":"mGOe4Ig0oRkXNtCAjNllEb.41","action":"GetUpdates", "result":"DeleteReceived", "context":{"id":"928ced14-1d85-4039-90eb-c9211bb29db2", "isDeleted:":"true", "version":"1703315272162"}}
{"logTime": "0121/092031", "correlationVector":"mGOe4Ig0oRkXNtCAjNllEb.42","action":"GetUpdates", "result":"DeleteReceived", "context":{"id":"308cbf62-6b17-4e42-9947-aceabbecffec", "isDeleted:":"true", "version":"1703318024031"}}
{"logTime": "0121/092031", "correlationVector":"mGOe4Ig0oRkXNtCAjNllEb.43","action":"GetUpdates", "result":"DeleteReceived", "context":{"id":"2516006f-a8d8-45e9-8ba9-c1bd7d0fe93b", "isDeleted:":"true", "version":"1703321535411"}}
{"logTime": "0121/092031", "correlationVector":"mGOe4Ig0oRkXNtCAjNllEb.44","action":"GetUpdates", "result":"DeleteReceived", "context":{"id":"d8187950-0af7-4baf-a475-bbd59871a1a5", "isDeleted:":"true", "version":"1703337036553"}}
{"logTime": "0121/092031", "correlationVector":"mGOe4Ig0oRkXNtCAjNllEb.45","action":"GetUpdates", "result":"DeleteReceived", "context":{"id":"6b2b5e1b-7005-4103-911f-bbaea8fcb168", "isDeleted:":"true", "version":"1703340911729"}}
{"logTime": "0121/092031", "correlationVector":"mGOe4Ig0oRkXNtCAjNllEb.46","action":"GetUpdates", "result":"DeleteReceived", "context":{"id":"9affd475-4d80-4b07-b16c-92716945c28a", "isDeleted:":"true", "version":"1703340911730"}}
{"logTime": "0121/092031", "correlationVector":"mGOe4Ig0oRkXNtCAjNllEb.47","action":"GetUpdates", "result":"DeleteReceived", "context":{"id":"13d970ba-cbf4-4e6c-8005-219126383bb1", "isDeleted:":"true", "version":"1703341447991"}}
{"logTime": "0121/092031", "correlationVector":"mGOe4Ig0oRkXNtCAjNllEb.48","action":"GetUpdates", "result":"DeleteReceived", "context":{"id":"0a58c9f4-da43-4ac1-b654-fc882ad51f0a", "isDeleted:":"true", "version":"1703341447992"}}
{"logTime": "0121/092031", "correlationVector":"mGOe4Ig0oRkXNtCAjNllEb.49","action":"GetUpdates", "result":"DeleteReceived", "context":{"id":"022aab09-8bc9-485a-82cc-c910bc61b12f", "isDeleted:":"true", "version":"1703341789973"}}
{"logTime": "0121/092031", "correlationVector":"mGOe4Ig0oRkXNtCAjNllEb.50","action":"GetUpdates", "result":"DeleteReceived", "context":{"id":"77b4b219-5d82-49ef-974c-96f52f6e978f", "isDeleted:":"true", "version":"1703341789974"}}
{"logTime": "0121/092031", "correlationVector":"mGOe4Ig0oRkXNtCAjNllEb.51","action":"GetUpdates", "result":"DeleteReceived", "context":{"id":"fd12f061-95e3-4daa-9568-f0ff550d9f36", "isDeleted:":"true", "version":"1703341789975"}}
{"logTime": "0121/092031", "correlationVector":"mGOe4Ig0oRkXNtCAjNllEb.52","action":"GetUpdates", "result":"DeleteReceived", "context":{"id":"c6380faa-113c-4a4f-b3e9-79788487a0c8", "isDeleted:":"true", "version":"1703347032440"}}
{"logTime": "0121/092031", "correlationVector":"mGOe4Ig0oRkXNtCAjNllEb.53","action":"GetUpdates", "result":"DeleteReceived", "context":{"id":"f46a7d3b-589d-4547-85c3-16560d32ef62", "isDeleted:":"true", "version":"1703347032441"}}
{"logTime": "0121/092031", "correlationVector":"mGOe4Ig0oRkXNtCAjNllEb.54","action":"GetUpdates", "result":"DeleteReceived", "context":{"id":"447977f7-556b-49b2-9c09-46a772384b70", "isDeleted:":"true", "version":"1703347032442"}}
{"logTime": "0121/092031", "correlationVector":"mGOe4Ig0oRkXNtCAjNllEb.55","action":"GetUpdates", "result":"DeleteReceived", "context":{"id":"e95ac8dc-4a40-411a-b576-999f66021714", "isDeleted:":"true", "version":"1703347032444"}}
{"logTime": "0121/092031", "correlationVector":"mGOe4Ig0oRkXNtCAjNllEb.56","action":"GetUpdates", "result":"DeleteReceived", "context":{"id":"fe707031-8c3f-4fa1-a651-d8099b3e5e94", "isDeleted:":"true", "version":"1703347032445"}}
{"logTime": "0121/092031", "correlationVector":"mGOe4Ig0oRkXNtCAjNllEb.57","action":"GetUpdates", "result":"DeleteReceived", "context":{"id":"ab706da5-4aa2-4da1-be46-f6f3eef72fc1", "isDeleted:":"true", "version":"1703347032447"}}
{"logTime": "0121/092031", "correlationVector":"mGOe4Ig0oRkXNtCAjNllEb.58","action":"GetUpdates", "result":"DeleteReceived", "context":{"id":"991d8205-cb3b-41f6-a784-1a54a69ae857", "isDeleted:":"true", "version":"1703347032448"}}
{"logTime": "0121/092031", "correlationVector":"mGOe4Ig0oRkXNtCAjNllEb.59","action":"GetUpdates", "result":"DeleteReceived", "context":{"id":"d09ce628-df49-427a-8b38-706187ae6dcb", "isDeleted:":"true", "version":"1703347032449"}}
{"logTime": "0121/092031", "correlationVector":"mGOe4Ig0oRkXNtCAjNllEb.60","action":"GetUpdates", "result":"DeleteReceived", "context":{"id":"4d8c64db-2bbf-494d-8ae2-5e1aaa466a97", "isDeleted:":"true", "version":"1703367158780"}}
{"logTime": "0121/092031", "correlationVector":"mGOe4Ig0oRkXNtCAjNllEb.61","action":"GetUpdates", "result":"DeleteReceived", "context":{"id":"aea238bb-1173-4c94-9f1b-cef465ce1725", "isDeleted:":"true", "version":"1703373090073"}}
{"logTime": "0121/092031", "correlationVector":"mGOe4Ig0oRkXNtCAjNllEb.62","action":"GetUpdates", "result":"DeleteReceived", "context":{"id":"f866bc44-4673-4576-aae7-005417b425a4", "isDeleted:":"true", "version":"1703373090075"}}
{"logTime": "0121/092031", "correlationVector":"mGOe4Ig0oRkXNtCAjNllEb.63","action":"GetUpdates", "result":"DeleteReceived", "context":{"id":"bfd2353b-6510-4554-9520-cc3fcfbf4979", "isDeleted:":"true", "version":"1703373090076"}}
{"logTime": "0121/092031", "correlationVector":"mGOe4Ig0oRkXNtCAjNllEb.64","action":"GetUpdates", "result":"DeleteReceived", "context":{"id":"82dad55b-ffe0-43e0-8ed8-1726d9bec94c", "isDeleted:":"true", "version":"1703373090077"}}
{"logTime": "0121/092031", "correlationVector":"mGOe4Ig0oRkXNtCAjNllEb.65","action":"GetUpdates", "result":"DeleteReceived", "context":{"id":"684a9a45-30b2-478f-9544-140b8233524b", "isDeleted:":"true", "version":"1703383055659"}}
{"logTime": "0121/092031", "correlationVector":"mGOe4Ig0oRkXNtCAjNllEb.66","action":"GetUpdates", "result":"DeleteReceived", "context":{"id":"e935eae4-ebd0-4db7-9b05-77b9449c7a23", "isDeleted:":"true", "version":"1703383055662"}}
{"logTime": "0121/092031", "correlationVector":"mGOe4Ig0oRkXNtCAjNllEb.67","action":"GetUpdates", "result":"DeleteReceived", "context":{"id":"6b5be7cb-b818-4748-9315-6a0ddc1c43d3", "isDeleted:":"true", "version":"1703384245929"}}
{"logTime": "0121/092031", "correlationVector":"mGOe4Ig0oRkXNtCAjNllEb.68","action":"GetUpdates", "result":"DeleteReceived", "context":{"id":"3f734572-cbea-46aa-88d2-4a5c8db44b0b", "isDeleted:":"true", "version":"1703384245931"}}
{"logTime": "0121/092031", "correlationVector":"mGOe4Ig0oRkXNtCAjNllEb.69","action":"GetUpdates", "result":"DeleteReceived", "context":{"id":"d83e5b0c-6a2e-4eac-b2a9-f9cbb3d0bc33", "isDeleted:":"true", "version":"1703384245932"}}
{"logTime": "0121/092031", "correlationVector":"mGOe4Ig0oRkXNtCAjNllEb.70","action":"GetUpdates", "result":"DeleteReceived", "context":{"id":"9fbd4a1c-b71d-470c-8a38-0af9ff406720", "isDeleted:":"true", "version":"1703399460576"}}
{"logTime": "0121/092031", "correlationVector":"mGOe4Ig0oRkXNtCAjNllEb.71","action":"GetUpdates", "result":"DeleteReceived", "context":{"id":"ab64630f-3e8f-478f-809e-82b97ef5240e", "isDeleted:":"true", "version":"1703399538638"}}
{"logTime": "0121/092031", "correlationVector":"mGOe4Ig0oRkXNtCAjNllEb.72","action":"GetUpdates", "result":"DeleteReceived", "context":{"id":"6acb7575-8f11-415b-a343-075af9907a93", "isDeleted:":"true", "version":"1703402483380"}}
{"logTime": "0121/092031", "correlationVector":"mGOe4Ig0oRkXNtCAjNllEb.73","action":"GetUpdates", "result":"DeleteReceived", "context":{"id":"89b8a086-1987-4f0d-9bf1-62cd23237b31", "isDeleted:":"true", "version":"1703411104210"}}
{"logTime": "0121/092031", "correlationVector":"mGOe4Ig0oRkXNtCAjNllEb.74","action":"GetUpdates", "result":"DeleteReceived", "context":{"id":"4be89dfa-95de-4ea4-bec4-c0fcd85c296c", "isDeleted:":"true", "version":"1703605106083"}}
{"logTime": "0121/092031", "correlationVector":"mGOe4Ig0oRkXNtCAjNllEb.75","action":"GetUpdates", "result":"DeleteReceived", "context":{"id":"4eedb8bb-6894-46f9-b2f6-c6129cd60317", "isDeleted:":"true", "version":"1703663835728"}}
{"logTime": "0121/092031", "correlationVector":"mGOe4Ig0oRkXNtCAjNllEb.76","action":"GetUpdates", "result":"DeleteReceived", "context":{"id":"baa081e2-cd5e-4df4-a2d0-a4e265f8c478", "isDeleted:":"true", "version":"1703663866647"}}
{"logTime": "0121/092031", "correlationVector":"mGOe4Ig0oRkXNtCAjNllEb.77","action":"GetUpdates", "result":"DeleteReceived", "context":{"id":"a5671ea7-a0c3-4177-bc23-8cd4c5e09e60", "isDeleted:":"true", "version":"1703690859968"}}
{"logTime": "0121/092031", "correlationVector":"mGOe4Ig0oRkXNtCAjNllEb.78","action":"GetUpdates", "result":"DeleteReceived", "context":{"id":"0f9efa72-a713-434a-8a0d-6220b7a2a8b2", "isDeleted:":"true", "version":"1703691300538"}}
{"logTime": "0121/092031", "correlationVector":"mGOe4Ig0oRkXNtCAjNllEb.79","action":"GetUpdates", "result":"DeleteReceived", "context":{"id":"5c4b8a71-f6b0-4009-ac2a-f4a689c485c7", "isDeleted:":"true", "version":"1703691494796"}}
{"logTime": "0121/092031", "correlationVector":"mGOe4Ig0oRkXNtCAjNllEb.80","action":"GetUpdates", "result":"DeleteReceived", "context":{"id":"f0f8eb3c-1481-46f4-a5c3-48115d6a8973", "isDeleted:":"true", "version":"1703737985666"}}
{"logTime": "0121/092031", "correlationVector":"mGOe4Ig0oRkXNtCAjNllEb.81","action":"GetUpdates", "result":"DeleteReceived", "context":{"id":"f20cd45c-8e28-451a-89ae-f9270a5ee13e", "isDeleted:":"true", "version":"1703815031486"}}
{"logTime": "0121/092031", "correlationVector":"mGOe4Ig0oRkXNtCAjNllEb.82","action":"GetUpdates", "result":"DeleteReceived", "context":{"id":"53dd1350-8eae-4645-b0e7-a86057aff002", "isDeleted:":"true", "version":"1703894004634"}}
{"logTime": "0121/092031", "correlationVector":"mGOe4Ig0oRkXNtCAjNllEb.83","action":"GetUpdates", "result":"DeleteReceived", "context":{"id":"de7bc139-2ce4-4ec9-83c1-e0e4a80b36f6", "isDeleted:":"true", "version":"1703894004635"}}
{"logTime": "0121/092031", "correlationVector":"mGOe4Ig0oRkXNtCAjNllEb.84","action":"GetUpdates", "result":"DeleteReceived", "context":{"id":"7f7ba5fc-74a9-4a90-afbc-708acb10abf8", "isDeleted:":"true", "version":"1703894120763"}}
{"logTime": "0121/092031", "correlationVector":"mGOe4Ig0oRkXNtCAjNllEb.85","action":"GetUpdates", "result":"DeleteReceived", "context":{"id":"358c8cc6-954c-4280-84f5-ed1e8fdbfac0", "isDeleted:":"true", "version":"1703924314391"}}
{"logTime": "0121/092031", "correlationVector":"mGOe4Ig0oRkXNtCAjNllEb.86","action":"GetUpdates", "result":"DeleteReceived", "context":{"id":"13b2b2c9-62c1-48fe-b779-fd7787670bf4", "isDeleted:":"true", "version":"1703924349733"}}
{"logTime": "0121/092031", "correlationVector":"mGOe4Ig0oRkXNtCAjNllEb.87","action":"GetUpdates", "result":"DeleteReceived", "context":{"id":"d92b3149-1a87-4bde-ae3e-99d29eeec4b3", "isDeleted:":"true", "version":"1703924602949"}}
{"logTime": "0121/092031", "correlationVector":"mGOe4Ig0oRkXNtCAjNllEb.88","action":"GetUpdates", "result":"DeleteReceived", "context":{"id":"811ed67b-059d-45bc-8b0a-f8f6d6021d92", "isDeleted:":"true", "version":"1703947252629"}}
{"logTime": "0121/092031", "correlationVector":"mGOe4Ig0oRkXNtCAjNllEb.89","action":"GetUpdates", "result":"DeleteReceived", "context":{"id":"22e1b18e-0b17-4329-aca5-630d54d11081", "isDeleted:":"true", "version":"1703947451024"}}
{"logTime": "0121/092031", "correlationVector":"mGOe4Ig0oRkXNtCAjNllEb.90","action":"GetUpdates", "result":"DeleteReceived", "context":{"id":"23c84987-c7d1-4fdd-b4c6-00c2ac8a7f77", "isDeleted:":"true", "version":"1703947743981"}}
{"logTime": "0121/092031", "correlationVector":"mGOe4Ig0oRkXNtCAjNllEb.91","action":"GetUpdates", "result":"DeleteReceived", "context":{"id":"85edb0e1-d15b-4901-b620-814f593e05de", "isDeleted:":"true", "version":"1703947778964"}}
{"logTime": "0121/092031", "correlationVector":"mGOe4Ig0oRkXNtCAjNllEb.92","action":"GetUpdates", "result":"DeleteReceived", "context":{"id":"670c7caf-9edf-42cc-b5b3-45a18f6bdd4b", "isDeleted:":"true", "version":"1703948172571"}}
{"logTime": "0121/092031", "correlationVector":"mGOe4Ig0oRkXNtCAjNllEb.93","action":"GetUpdates", "result":"DeleteReceived", "context":{"id":"272189be-2b86-4e7b-97a0-435d93704750", "isDeleted:":"true", "version":"1703948230405"}}
{"logTime": "0121/092031", "correlationVector":"mGOe4Ig0oRkXNtCAjNllEb.94","action":"GetUpdates", "result":"DeleteReceived", "context":{"id":"c7c2a1fb-b1cd-4804-b700-f6a026448723", "isDeleted:":"true", "version":"1703997893800"}}
{"logTime": "0121/092031", "correlationVector":"mGOe4Ig0oRkXNtCAjNllEb.95","action":"GetUpdates", "result":"DeleteReceived", "context":{"id":"5fa973c6-df0a-4107-99f0-ede7741bb05e", "isDeleted:":"true", "version":"1704249030662"}}
{"logTime": "0121/092031", "correlationVector":"mGOe4Ig0oRkXNtCAjNllEb.96","action":"GetUpdates", "result":"DeleteReceived", "context":{"id":"6b4bcf21-508d-4f37-a3ec-54726d3b5546", "isDeleted:":"true", "version":"1704256547774"}}
{"logTime": "0121/092031", "correlationVector":"mGOe4Ig0oRkXNtCAjNllEb.97","action":"GetUpdates", "result":"DeleteReceived", "context":{"id":"83afe106-738f-47c0-9721-d9cd59f8ab75", "isDeleted:":"true", "version":"1704465836361"}}
{"logTime": "0121/092031", "correlationVector":"mGOe4Ig0oRkXNtCAjNllEb.98","action":"GetUpdates", "result":"DeleteReceived", "context":{"id":"84b31263-0674-48fd-8d01-ec7d328876b8", "isDeleted:":"true", "version":"1704515008745"}}
{"logTime": "0121/092031", "correlationVector":"mGOe4Ig0oRkXNtCAjNllEb.99","action":"GetUpdates", "result":"DeleteReceived", "context":{"id":"50a31729-6bfa-44f6-9c43-78204720c168", "isDeleted:":"true", "version":"1704515008746"}}
{"logTime": "0121/092031", "correlationVector":"mGOe4Ig0oRkXNtCAjNllEb.100","action":"GetUpdates", "result":"DeleteReceived", "context":{"id":"9d04629a-56d1-4069-818c-4a0f4e4b9115", "isDeleted:":"true", "version":"1704515008747"}}
{"logTime": "0121/092031", "correlationVector":"mGOe4Ig0oRkXNtCAjNllEb.101","action":"GetUpdates", "result":"DeleteReceived", "context":{"id":"b508e363-e42d-47a5-aeeb-90491b5ff512", "isDeleted:":"true", "version":"1704515117134"}}
{"logTime": "0121/092031", "correlationVector":"mGOe4Ig0oRkXNtCAjNllEb.102","action":"GetUpdates", "result":"DeleteReceived", "context":{"id":"9794ec49-c910-4c01-bed7-2d4d747870ec", "isDeleted:":"true", "version":"1704634239486"}}
{"logTime": "0121/092031", "correlationVector":"mGOe4Ig0oRkXNtCAjNllEb.103","action":"GetUpdates", "result":"DeleteReceived", "context":{"id":"e7156d20-67ef-4655-bea9-26a4ab1af411", "isDeleted:":"true", "version":"1704634239487"}}
{"logTime": "0121/092031", "correlationVector":"mGOe4Ig0oRkXNtCAjNllEb.104","action":"GetUpdates", "result":"DeleteReceived", "context":{"id":"228d323a-1d82-4288-96a9-6c736cf934b6", "isDeleted:":"true", "version":"1704634239488"}}
{"logTime": "0121/092031", "correlationVector":"mGOe4Ig0oRkXNtCAjNllEb.105","action":"GetUpdates", "result":"DeleteReceived", "context":{"id":"4e68708b-1a27-476c-ae27-ee35f7151cfb", "isDeleted:":"true", "version":"1704634239491"}}
{"logTime": "0121/092031", "correlationVector":"mGOe4Ig0oRkXNtCAjNllEb.106","action":"GetUpdates", "result":"DeleteReceived", "context":{"id":"54fcebe2-1333-4726-ac3a-6cca5fb1bad3", "isDeleted:":"true", "version":"1704634239492"}}
{"logTime": "0121/092031", "correlationVector":"mGOe4Ig0oRkXNtCAjNllEb.107","action":"GetUpdates", "result":"DeleteReceived", "context":{"id":"7a9ab8ca-d733-460f-a29b-a440a406b80c", "isDeleted:":"true", "version":"1704634239493"}}
{"logTime": "0121/092031", "correlationVector":"mGOe4Ig0oRkXNtCAjNllEb.108","action":"GetUpdates", "result":"DeleteReceived", "context":{"id":"c17f5dad-7e9e-475b-9928-f80470baf4c6", "isDeleted:":"true", "version":"1704634239494"}}
{"logTime": "0121/092031", "correlationVector":"mGOe4Ig0oRkXNtCAjNllEb.109","action":"GetUpdates", "result":"DeleteReceived", "context":{"id":"6771e391-c0dd-4f46-a55d-7a0fc79e50c5", "isDeleted:":"true", "version":"1704634239495"}}
{"logTime": "0121/092031", "correlationVector":"mGOe4Ig0oRkXNtCAjNllEb.110","action":"GetUpdates", "result":"DeleteReceived", "context":{"id":"53cad8a5-feff-4c21-9f41-a0c2ce671bf3", "isDeleted:":"true", "version":"1704634239497"}}
{"logTime": "0121/092032", "correlationVector":"mGOe4Ig0oRkXNtCAjNllEb.111","action":"GetUpdates", "result":"DeleteReceived", "context":{"id":"2ac8187a-b100-4eb2-96b7-1b361cbb9ca5", "isDeleted:":"true", "version":"1704634260414"}}
{"logTime": "0121/092032", "correlationVector":"mGOe4Ig0oRkXNtCAjNllEb.112","action":"GetUpdates", "result":"DeleteReceived", "context":{"id":"e88ad090-81f0-4907-98d0-ed27899c505d", "isDeleted:":"true", "version":"1704641495542"}}
{"logTime": "0121/092032", "correlationVector":"mGOe4Ig0oRkXNtCAjNllEb.113","action":"GetUpdates", "result":"DeleteReceived", "context":{"id":"41858989-b10b-45e3-a67a-0069026d16c6", "isDeleted:":"true", "version":"1704641607409"}}
{"logTime": "0121/092032", "correlationVector":"mGOe4Ig0oRkXNtCAjNllEb.114","action":"GetUpdates", "result":"DeleteReceived", "context":{"id":"34d6adc0-8fc2-435e-9a8b-dd8ffa17d5b1", "isDeleted:":"true", "version":"1704676520270"}}
{"logTime": "0121/092032", "correlationVector":"mGOe4Ig0oRkXNtCAjNllEb.115","action":"GetUpdates", "result":"DeleteReceived", "context":{"id":"2f52ddde-e7e6-45cc-9194-2c5ca9e11eaf", "isDeleted:":"true", "version":"1704703792416"}}
{"logTime": "0121/092032", "correlationVector":"mGOe4Ig0oRkXNtCAjNllEb.116","action":"GetUpdates", "result":"DeleteReceived", "context":{"id":"1a3fb529-cfe4-4f9a-a766-4d76cb6c1d53", "isDeleted:":"true", "version":"1704703792417"}}
{"logTime": "0121/092032", "correlationVector":"mGOe4Ig0oRkXNtCAjNllEb.117","action":"GetUpdates", "result":"DeleteReceived", "context":{"id":"33499d9b-6933-40bb-8b7e-abd980cea354", "isDeleted:":"true", "version":"1704782270776"}}
{"logTime": "0121/092032", "correlationVector":"mGOe4Ig0oRkXNtCAjNllEb.118","action":"GetUpdates", "result":"DeleteReceived", "context":{"id":"601d0792-d615-4351-ace1-89e22142f269", "isDeleted:":"true", "version":"1704869122407"}}
{"logTime": "0121/092032", "correlationVector":"mGOe4Ig0oRkXNtCAjNllEb.119","action":"GetUpdates", "result":"DeleteReceived", "context":{"id":"e20eab42-a532-402f-b7cb-27b50afb5439", "isDeleted:":"true", "version":"1704869195748"}}
{"logTime": "0121/092032", "correlationVector":"mGOe4Ig0oRkXNtCAjNllEb.120","action":"GetUpdates", "result":"DeleteReceived", "context":{"id":"3980f8cc-37a9-429a-8fe3-7504b80787d1", "isDeleted:":"true", "version":"1704910032191"}}
{"logTime": "0121/092032", "correlationVector":"mGOe4Ig0oRkXNtCAjNllEb.121","action":"GetUpdates", "result":"DeleteReceived", "context":{"id":"9bc7ea53-0e1c-422c-9f16-518c60236fe7", "isDeleted:":"true", "version":"1704910142947"}}
{"logTime": "0121/092032", "correlationVector":"mGOe4Ig0oRkXNtCAjNllEb.122","action":"GetUpdates", "result":"DeleteReceived", "context":{"id":"0d515ab4-01ad-490d-bdbb-fe49d09f8d0f", "isDeleted:":"true", "version":"1704910955541"}}
{"logTime": "0121/092032", "correlationVector":"mGOe4Ig0oRkXNtCAjNllEb.123","action":"GetUpdates", "result":"DeleteReceived", "context":{"id":"3eaf2a32-a604-464f-94ce-f2beebe96fe4", "isDeleted:":"true", "version":"1704910955542"}}
{"logTime": "0121/092032", "correlationVector":"mGOe4Ig0oRkXNtCAjNllEb.124","action":"GetUpdates", "result":"DeleteReceived", "context":{"id":"4a4116ae-8bfe-40e2-b300-c4140551999a", "isDeleted:":"true", "version":"1704932670525"}}
{"logTime": "0121/092032", "correlationVector":"mGOe4Ig0oRkXNtCAjNllEb.125","action":"GetUpdates", "result":"DeleteReceived", "context":{"id":"0fefd48e-22c6-4f95-9dd4-621d984a9fdc", "isDeleted:":"true", "version":"1704932670526"}}
{"logTime": "0121/092032", "correlationVector":"mGOe4Ig0oRkXNtCAjNllEb.126","action":"GetUpdates", "result":"DeleteReceived", "context":{"id":"61bc64b8-ef72-45e4-979f-6d43138a2cf1", "isDeleted:":"true", "version":"1704932670527"}}
{"logTime": "0121/092032", "correlationVector":"mGOe4Ig0oRkXNtCAjNllEb.127","action":"GetUpdates", "result":"DeleteReceived", "context":{"id":"afcd62e7-95cc-448e-b876-65f1d46e7b66", "isDeleted:":"true", "version":"1704932670528"}}
{"logTime": "0121/092032", "correlationVector":"mGOe4Ig0oRkXNtCAjNllEb.128","action":"GetUpdates", "result":"DeleteReceived", "context":{"id":"cf9ac478-633b-4487-ae1e-9fe279c77805", "isDeleted:":"true", "version":"1704932670529"}}
{"logTime": "0121/092032", "correlationVector":"mGOe4Ig0oRkXNtCAjNllEb.129","action":"GetUpdates", "result":"DeleteReceived", "context":{"id":"88c705da-768f-4925-9b09-d638d2404d9c", "isDeleted:":"true", "version":"1704932709376"}}
{"logTime": "0121/092032", "correlationVector":"mGOe4Ig0oRkXNtCAjNllEb.130","action":"GetUpdates", "result":"DeleteReceived", "context":{"id":"d1b635e4-bc64-4c9d-a15f-12a8dc74b159", "isDeleted:":"true", "version":"1704967732876"}}
{"logTime": "0121/092032", "correlationVector":"mGOe4Ig0oRkXNtCAjNllEb.131","action":"GetUpdates", "result":"DeleteReceived", "context":{"id":"801a03df-5ef1-4b89-bf51-894ec7efac20", "isDeleted:":"true", "version":"1704967732877"}}
{"logTime": "0121/092032", "correlationVector":"mGOe4Ig0oRkXNtCAjNllEb.132","action":"GetUpdates", "result":"DeleteReceived", "context":{"id":"4a25edb0-f72c-4eef-afdf-b50fbd0173ef", "isDeleted:":"true", "version":"1704967732879"}}
{"logTime": "0121/092032", "correlationVector":"mGOe4Ig0oRkXNtCAjNllEb.133","action":"GetUpdates", "result":"DeleteReceived", "context":{"id":"2696239e-f50a-46e4-a49e-b743f36a31d1", "isDeleted:":"true", "version":"1704967864242"}}
{"logTime": "0121/092032", "correlationVector":"mGOe4Ig0oRkXNtCAjNllEb.134","action":"GetUpdates", "result":"DeleteReceived", "context":{"id":"88540a97-52ae-410c-a71a-2ff81a88c5cb", "isDeleted:":"true", "version":"1704989797577"}}
{"logTime": "0121/092032", "correlationVector":"mGOe4Ig0oRkXNtCAjNllEb.135","action":"GetUpdates", "result":"DeleteReceived", "context":{"id":"eb791555-d91c-49c6-8f61-f30f085bf2c7", "isDeleted:":"true", "version":"1704993943042"}}
{"logTime": "0121/092032", "correlationVector":"mGOe4Ig0oRkXNtCAjNllEb.136","action":"GetUpdates", "result":"DeleteReceived", "context":{"id":"948dbadc-1d9b-49c0-a6e8-760865f9f910", "isDeleted:":"true", "version":"1705049244126"}}
{"logTime": "0121/092032", "correlationVector":"mGOe4Ig0oRkXNtCAjNllEb.137","action":"GetUpdates", "result":"DeleteReceived", "context":{"id":"7a115040-6e16-4747-ab4f-755f1e08ae09", "isDeleted:":"true", "version":"1705049244129"}}
{"logTime": "0121/092032", "correlationVector":"mGOe4Ig0oRkXNtCAjNllEb.138","action":"GetUpdates", "result":"DeleteReceived", "context":{"id":"45af1cad-6671-4503-b346-d84210ac4a77", "isDeleted:":"true", "version":"1705049244130"}}
{"logTime": "0121/092032", "correlationVector":"mGOe4Ig0oRkXNtCAjNllEb.139","action":"GetUpdates", "result":"DeleteReceived", "context":{"id":"718eb3e0-113c-41a9-a9e6-5165bda001b3", "isDeleted:":"true", "version":"1705049244131"}}
{"logTime": "0121/092032", "correlationVector":"mGOe4Ig0oRkXNtCAjNllEb.140","action":"GetUpdates", "result":"DeleteReceived", "context":{"id":"858d40db-c4a0-458b-a9a6-70fdab22009f", "isDeleted:":"true", "version":"1705049445847"}}
{"logTime": "0121/092032", "correlationVector":"mGOe4Ig0oRkXNtCAjNllEb.141","action":"GetUpdates", "result":"DeleteReceived", "context":{"id":"b0948011-87c7-4e44-94b9-e3ec5ce21cf6", "isDeleted:":"true", "version":"1705050062792"}}
{"logTime": "0121/092032", "correlationVector":"mGOe4Ig0oRkXNtCAjNllEb.142","action":"GetUpdates", "result":"DeleteReceived", "context":{"id":"2643cf0a-6dcf-4839-a19f-a69d896cfbe6", "isDeleted:":"true", "version":"1705051860886"}}
{"logTime": "0121/092032", "correlationVector":"mGOe4Ig0oRkXNtCAjNllEb.143","action":"GetUpdates", "result":"DeleteReceived", "context":{"id":"64ad893e-569d-4374-ae4e-5fa1e16a5997", "isDeleted:":"true", "version":"1705053738759"}}
{"logTime": "0121/092032", "correlationVector":"mGOe4Ig0oRkXNtCAjNllEb.144","action":"GetUpdates", "result":"DeleteReceived", "context":{"id":"09548aba-7c0b-4c5c-bd08-5ad45ce65612", "isDeleted:":"true", "version":"1705053845084"}}
{"logTime": "0121/092032", "correlationVector":"mGOe4Ig0oRkXNtCAjNllEb.145","action":"GetUpdates", "result":"DeleteReceived", "context":{"id":"ed3ddf29-7d25-4547-9eba-861f9c261068", "isDeleted:":"true", "version":"1705053936146"}}
{"logTime": "0121/092032", "correlationVector":"mGOe4Ig0oRkXNtCAjNllEb.146","action":"GetUpdates", "result":"DeleteReceived", "context":{"id":"9a5d272d-3373-4325-a571-cfad707bf681", "isDeleted:":"true", "version":"1705054020470"}}
{"logTime": "0121/092032", "correlationVector":"mGOe4Ig0oRkXNtCAjNllEb.147","action":"GetUpdates", "result":"DeleteReceived", "context":{"id":"5ae44f18-0384-4ace-b7e2-d63967f7ffb7", "isDeleted:":"true", "version":"1705054061715"}}
{"logTime": "0121/092032", "correlationVector":"mGOe4Ig0oRkXNtCAjNllEb.148","action":"GetUpdates", "result":"DeleteReceived", "context":{"id":"888a53c3-5fd8-450e-a80a-5f90cb0b61ae", "isDeleted:":"true", "version":"1705054466277"}}
{"logTime": "0121/092032", "correlationVector":"mGOe4Ig0oRkXNtCAjNllEb.149","action":"GetUpdates", "result":"DeleteReceived", "context":{"id":"b367cb58-9694-4b0b-82fb-1783900492d6", "isDeleted:":"true", "version":"1705054655201"}}
{"logTime": "0121/092032", "correlationVector":"mGOe4Ig0oRkXNtCAjNllEb.150","action":"GetUpdates", "result":"DeleteReceived", "context":{"id":"a1c20042-2401-4c5b-9ad3-f3e6d7b58618", "isDeleted:":"true", "version":"1705070562124"}}
{"logTime": "0121/092032", "correlationVector":"mGOe4Ig0oRkXNtCAjNllEb.151","action":"GetUpdates", "result":"DeleteReceived", "context":{"id":"b00f66cc-1a44-4203-8411-b75551066bb4", "isDeleted:":"true", "version":"1705071406026"}}
{"logTime": "0121/092032", "correlationVector":"mGOe4Ig0oRkXNtCAjNllEb.152","action":"GetUpdates", "result":"DeleteReceived", "context":{"id":"cde1edce-bfec-4025-bc3c-b0f54a145f88", "isDeleted:":"true", "version":"1705106555010"}}
{"logTime": "0121/092032", "correlationVector":"mGOe4Ig0oRkXNtCAjNllEb.153","action":"GetUpdates", "result":"DeleteReceived", "context":{"id":"4f21b595-ec2e-4a70-98de-95fdd592d442", "isDeleted:":"true", "version":"1705106555011"}}
{"logTime": "0121/092032", "correlationVector":"mGOe4Ig0oRkXNtCAjNllEb.154","action":"GetUpdates", "result":"DeleteReceived", "context":{"id":"7d9c311b-91bb-4b45-ad18-93c16f9f5c6f", "isDeleted:":"true", "version":"1705106555012"}}
{"logTime": "0121/092032", "correlationVector":"mGOe4Ig0oRkXNtCAjNllEb.155","action":"GetUpdates", "result":"DeleteReceived", "context":{"id":"3fc671ff-3342-4812-ab04-13d5b0773226", "isDeleted:":"true", "version":"1705106555013"}}
{"logTime": "0121/092032", "correlationVector":"mGOe4Ig0oRkXNtCAjNllEb.156","action":"GetUpdates", "result":"DeleteReceived", "context":{"id":"11cb48da-57f5-40c1-a407-6c3f64acb34b", "isDeleted:":"true", "version":"1705106555014"}}
{"logTime": "0121/092032", "correlationVector":"mGOe4Ig0oRkXNtCAjNllEb.157","action":"GetUpdates", "result":"DeleteReceived", "context":{"id":"2b2edb8d-6c1a-4653-8d02-c7cc00205d4a", "isDeleted:":"true", "version":"1705106555015"}}
{"logTime": "0121/092032", "correlationVector":"mGOe4Ig0oRkXNtCAjNllEb.158","action":"GetUpdates", "result":"DeleteReceived", "context":{"id":"0f2f22cb-880d-460b-bd9d-3ea3f03a4ef0", "isDeleted:":"true", "version":"1705106555016"}}
{"logTime": "0121/092032", "correlationVector":"mGOe4Ig0oRkXNtCAjNllEb.159","action":"GetUpdates", "result":"DeleteReceived", "context":{"id":"60624bb0-d254-4c8b-b7eb-ea056712d1ee", "isDeleted:":"true", "version":"1705106555018"}}
{"logTime": "0121/092032", "correlationVector":"mGOe4Ig0oRkXNtCAjNllEb.160","action":"GetUpdates", "result":"DeleteReceived", "context":{"id":"c7fb704d-bfc4-468c-b5fb-54627ac4c81b", "isDeleted:":"true", "version":"1705106555019"}}
{"logTime": "0121/092032", "correlationVector":"mGOe4Ig0oRkXNtCAjNllEb.161","action":"GetUpdates", "result":"DeleteReceived", "context":{"id":"dd12baf6-181e-46f0-827a-21afa76d9ded", "isDeleted:":"true", "version":"1705106555020"}}
{"logTime": "0121/092032", "correlationVector":"mGOe4Ig0oRkXNtCAjNllEb.162","action":"GetUpdates Response", "result":"SERVER_MORE_TO_DOWNLOAD", "context":Received 250 update(s).  Some updates remain.}
{"logTime": "0121/092032", "correlationVector":"urgMQgsjpo5J0We6HfpiC5","action":"Initial GetUpdates", "result":"", "context":Reason: RECONFIGURATION. cV=urgMQgsjpo5J0We6HfpiC5}
{"logTime": "0121/092032", "correlationVector":"urgMQgsjpo5J0We6HfpiC5.1","action":"SyncServerConnectionManagerRequest", "result":"SYNC_SERVER_OK", "context":{"environment":"Prod_SoutheastAsia_000j", "migrationStage":"NotStarted", "server":"GENERAL0100000K"}}
{"logTime": "0121/092032", "correlationVector":"urgMQgsjpo5J0We6HfpiC5.2","action":"GetUpdates", "result":"DeleteReceived", "context":{"id":"05bab4dc-a421-419e-a909-376222e64794", "isDeleted:":"true", "version":"1705106555021"}}
{"logTime": "0121/092032", "correlationVector":"urgMQgsjpo5J0We6HfpiC5.3","action":"GetUpdates", "result":"DeleteReceived", "context":{"id":"6baa8c97-7100-4266-9d2f-a0e9176adea0", "isDeleted:":"true", "version":"1705106555022"}}
{"logTime": "0121/092032", "correlationVector":"urgMQgsjpo5J0We6HfpiC5.4","action":"GetUpdates", "result":"DeleteReceived", "context":{"id":"0c3ee889-3d28-45db-9be9-67e933afd0e2", "isDeleted:":"true", "version":"1705106555023"}}
{"logTime": "0121/092032", "correlationVector":"urgMQgsjpo5J0We6HfpiC5.5","action":"GetUpdates", "result":"DeleteReceived", "context":{"id":"d3b9f39f-a65a-433e-999c-de5b10d0176a", "isDeleted:":"true", "version":"1705106555024"}}
{"logTime": "0121/092032", "correlationVector":"urgMQgsjpo5J0We6HfpiC5.6","action":"GetUpdates", "result":"DeleteReceived", "context":{"id":"d45e5b04-56a7-4850-9bd7-1e7cd2f0016b", "isDeleted:":"true", "version":"1705106555025"}}
{"logTime": "0121/092032", "correlationVector":"urgMQgsjpo5J0We6HfpiC5.7","action":"GetUpdates", "result":"DeleteReceived", "context":{"id":"d1a588de-652d-49cf-87ee-03c219e77efd", "isDeleted:":"true", "version":"1705106555026"}}
{"logTime": "0121/092032", "correlationVector":"urgMQgsjpo5J0We6HfpiC5.8","action":"GetUpdates", "result":"DeleteReceived", "context":{"id":"ebe8c261-7e61-4448-aec7-ac452832abe3", "isDeleted:":"true", "version":"1705106555027"}}
{"logTime": "0121/092032", "correlationVector":"urgMQgsjpo5J0We6HfpiC5.9","action":"GetUpdates", "result":"DeleteReceived", "context":{"id":"25caf681-19da-42b1-a0da-4343f444ccf3", "isDeleted:":"true", "version":"1705106555028"}}
{"logTime": "0121/092032", "correlationVector":"urgMQgsjpo5J0We6HfpiC5.10","action":"GetUpdates", "result":"DeleteReceived", "context":{"id":"e520ffa5-5d8e-4a30-b4d8-bcc2a17f4424", "isDeleted:":"true", "version":"1705106555029"}}
{"logTime": "0121/092032", "correlationVector":"urgMQgsjpo5J0We6HfpiC5.11","action":"GetUpdates", "result":"DeleteReceived", "context":{"id":"d37dfa79-d83f-43c0-948e-be09cfd43d1c", "isDeleted:":"true", "version":"1705106555764"}}
{"logTime": "0121/092032", "correlationVector":"urgMQgsjpo5J0We6HfpiC5.12","action":"GetUpdates", "result":"DeleteReceived", "context":{"id":"caaad6ba-cda8-4f98-bc6d-e82a1292760a", "isDeleted:":"true", "version":"1705106555765"}}
{"logTime": "0121/092032", "correlationVector":"urgMQgsjpo5J0We6HfpiC5.13","action":"GetUpdates", "result":"DeleteReceived", "context":{"id":"2de0b59d-8bec-4d03-91a9-af8d54b67dc0", "isDeleted:":"true", "version":"1705106555766"}}
{"logTime": "0121/092032", "correlationVector":"urgMQgsjpo5J0We6HfpiC5.14","action":"GetUpdates", "result":"DeleteReceived", "context":{"id":"c0d6485d-f329-47dd-879b-e49acdda4ad0", "isDeleted:":"true", "version":"1705106555767"}}
{"logTime": "0121/092032", "correlationVector":"urgMQgsjpo5J0We6HfpiC5.15","action":"GetUpdates", "result":"DeleteReceived", "context":{"id":"267de14a-78d9-4412-a4a1-e80788296e65", "isDeleted:":"true", "version":"1705106555768"}}
{"logTime": "0121/092032", "correlationVector":"urgMQgsjpo5J0We6HfpiC5.16","action":"GetUpdates", "result":"DeleteReceived", "context":{"id":"0fb90d7f-7f38-49f7-a157-f66c87c534a4", "isDeleted:":"true", "version":"1705106555769"}}
{"logTime": "0121/092032", "correlationVector":"urgMQgsjpo5J0We6HfpiC5.17","action":"GetUpdates", "result":"DeleteReceived", "context":{"id":"51c8f378-5e13-4ddf-a77d-0bc44033af51", "isDeleted:":"true", "version":"1705106555770"}}
{"logTime": "0121/092032", "correlationVector":"urgMQgsjpo5J0We6HfpiC5.18","action":"GetUpdates", "result":"DeleteReceived", "context":{"id":"3b1db37f-9c17-474e-af5f-515cbeb2c0c2", "isDeleted:":"true", "version":"1705106555771"}}
{"logTime": "0121/092032", "correlationVector":"urgMQgsjpo5J0We6HfpiC5.19","action":"GetUpdates", "result":"DeleteReceived", "context":{"id":"584cc3b6-e077-433b-a649-ca3f83851fb5", "isDeleted:":"true", "version":"1705117998767"}}
{"logTime": "0121/092032", "correlationVector":"urgMQgsjpo5J0We6HfpiC5.20","action":"GetUpdates", "result":"DeleteReceived", "context":{"id":"435080cc-a034-4202-9160-854b463af90b", "isDeleted:":"true", "version":"1705176383898"}}
{"logTime": "0121/092032", "correlationVector":"urgMQgsjpo5J0We6HfpiC5.21","action":"GetUpdates", "result":"DeleteReceived", "context":{"id":"8c0d1bc2-3a04-4457-9d6f-cb8de2a6b35a", "isDeleted:":"true", "version":"1705176383899"}}
{"logTime": "0121/092032", "correlationVector":"urgMQgsjpo5J0We6HfpiC5.22","action":"GetUpdates", "result":"DeleteReceived", "context":{"id":"ae20fdbf-f270-494b-8a5d-39d690ee20c9", "isDeleted:":"true", "version":"1705176383900"}}
{"logTime": "0121/092032", "correlationVector":"urgMQgsjpo5J0We6HfpiC5.23","action":"GetUpdates", "result":"DeleteReceived", "context":{"id":"7e8b4ea4-5443-498b-b684-298a88407fcc", "isDeleted:":"true", "version":"1705176383902"}}
{"logTime": "0121/092032", "correlationVector":"urgMQgsjpo5J0We6HfpiC5.24","action":"GetUpdates", "result":"DeleteReceived", "context":{"id":"5fbdbd66-03e1-48d9-848a-0a6dffe2eee6", "isDeleted:":"true", "version":"1705176383903"}}
{"logTime": "0121/092032", "correlationVector":"urgMQgsjpo5J0We6HfpiC5.25","action":"GetUpdates", "result":"DeleteReceived", "context":{"id":"4cb428e4-0a71-47fb-adc7-5c694114e639", "isDeleted:":"true", "version":"1705176383904"}}
{"logTime": "0121/092032", "correlationVector":"urgMQgsjpo5J0We6HfpiC5.26","action":"GetUpdates", "result":"DeleteReceived", "context":{"id":"c9cfa2df-cf44-4590-b05e-556df7d2e9de", "isDeleted:":"true", "version":"1705176383905"}}
{"logTime": "0121/092032", "correlationVector":"urgMQgsjpo5J0We6HfpiC5.27","action":"GetUpdates", "result":"DeleteReceived", "context":{"id":"c564a248-4a94-4f19-b329-ed3b297e0654", "isDeleted:":"true", "version":"1705176383906"}}
{"logTime": "0121/092032", "correlationVector":"urgMQgsjpo5J0We6HfpiC5.28","action":"GetUpdates", "result":"DeleteReceived", "context":{"id":"0e8e7d8e-9a00-4a99-9af2-7b3fe48de57d", "isDeleted:":"true", "version":"1705176383907"}}
{"logTime": "0121/092032", "correlationVector":"urgMQgsjpo5J0We6HfpiC5.29","action":"GetUpdates", "result":"DeleteReceived", "context":{"id":"92813d12-8b0a-43e9-9a6d-99940385692f", "isDeleted:":"true", "version":"1705176383908"}}
{"logTime": "0121/092033", "correlationVector":"urgMQgsjpo5J0We6HfpiC5.30","action":"GetUpdates", "result":"DeleteReceived", "context":{"id":"9b6707fc-4332-4b8d-acf2-f89eddf8bbd0", "isDeleted:":"true", "version":"1705183788200"}}
{"logTime": "0121/092033", "correlationVector":"urgMQgsjpo5J0We6HfpiC5.31","action":"GetUpdates", "result":"DeleteReceived", "context":{"id":"35024ba1-8596-4049-b487-ed7e9542d612", "isDeleted:":"true", "version":"1705184476948"}}
{"logTime": "0121/092033", "correlationVector":"urgMQgsjpo5J0We6HfpiC5.32","action":"GetUpdates", "result":"DeleteReceived", "context":{"id":"18a6464b-d700-4020-9efe-869f10fd4164", "isDeleted:":"true", "version":"1705185435208"}}
{"logTime": "0121/092033", "correlationVector":"urgMQgsjpo5J0We6HfpiC5.33","action":"GetUpdates", "result":"DeleteReceived", "context":{"id":"b054608f-3f49-4eaf-ab51-8dbabb4ccdb3", "isDeleted:":"true", "version":"1705222774369"}}
{"logTime": "0121/092033", "correlationVector":"urgMQgsjpo5J0We6HfpiC5.34","action":"GetUpdates", "result":"DeleteReceived", "context":{"id":"6c2daf6f-099a-484e-b283-034d8d92818b", "isDeleted:":"true", "version":"1705235844993"}}
{"logTime": "0121/092033", "correlationVector":"urgMQgsjpo5J0We6HfpiC5.35","action":"GetUpdates", "result":"DeleteReceived", "context":{"id":"87d0be1a-8fe6-41c7-bc12-d692cee382e4", "isDeleted:":"true", "version":"1705241790506"}}
{"logTime": "0121/092033", "correlationVector":"urgMQgsjpo5J0We6HfpiC5.36","action":"GetUpdates", "result":"DeleteReceived", "context":{"id":"f4f19d7b-de15-4b1b-90fb-025d78e23b57", "isDeleted:":"true", "version":"1705241790507"}}
{"logTime": "0121/092033", "correlationVector":"urgMQgsjpo5J0We6HfpiC5.37","action":"GetUpdates", "result":"DeleteReceived", "context":{"id":"acfc441b-7335-45ac-a342-f166c452604f", "isDeleted:":"true", "version":"1705246970562"}}
{"logTime": "0121/092033", "correlationVector":"urgMQgsjpo5J0We6HfpiC5.38","action":"GetUpdates", "result":"DeleteReceived", "context":{"id":"c105f7dd-676d-4c2e-b078-f34cd2480104", "isDeleted:":"true", "version":"1705305257896"}}
{"logTime": "0121/092033", "correlationVector":"urgMQgsjpo5J0We6HfpiC5.39","action":"GetUpdates", "result":"DeleteReceived", "context":{"id":"56fddb87-6d20-4184-80c5-d9aededb7339", "isDeleted:":"true", "version":"1705308663358"}}
{"logTime": "0121/092033", "correlationVector":"urgMQgsjpo5J0We6HfpiC5.40","action":"GetUpdates", "result":"DeleteReceived", "context":{"id":"a11c109b-bee7-4a48-b6fd-1bb742ba9154", "isDeleted:":"true", "version":"1705539737075"}}
{"logTime": "0121/092033", "correlationVector":"urgMQgsjpo5J0We6HfpiC5.41","action":"GetUpdates", "result":"DeleteReceived", "context":{"id":"731295b9-b675-4e74-bb28-587c789fd873", "isDeleted:":"true", "version":"1705539737076"}}
{"logTime": "0121/092033", "correlationVector":"urgMQgsjpo5J0We6HfpiC5.42","action":"GetUpdates", "result":"DeleteReceived", "context":{"id":"a96bb220-b331-4536-a795-161280482d26", "isDeleted:":"true", "version":"1705539737077"}}
{"logTime": "0121/092033", "correlationVector":"urgMQgsjpo5J0We6HfpiC5.43","action":"GetUpdates", "result":"DeleteReceived", "context":{"id":"3a86ce8a-343a-483d-a307-e86f270b6db7", "isDeleted:":"true", "version":"1705539737079"}}
{"logTime": "0121/092033", "correlationVector":"urgMQgsjpo5J0We6HfpiC5.44","action":"GetUpdates", "result":"DeleteReceived", "context":{"id":"10bb2347-cf41-4bee-9dbc-547d6b207a36", "isDeleted:":"true", "version":"1705539737080"}}
{"logTime": "0121/092033", "correlationVector":"urgMQgsjpo5J0We6HfpiC5.45","action":"GetUpdates", "result":"DeleteReceived", "context":{"id":"5e7d2ed2-699a-43e5-b2ef-50710978fef5", "isDeleted:":"true", "version":"1705539737081"}}
{"logTime": "0121/092033", "correlationVector":"urgMQgsjpo5J0We6HfpiC5.46","action":"GetUpdates", "result":"DeleteReceived", "context":{"id":"1e7e05e1-bc09-461c-81a6-b0416ab810e1", "isDeleted:":"true", "version":"1705539737082"}}
{"logTime": "0121/092033", "correlationVector":"urgMQgsjpo5J0We6HfpiC5.47","action":"GetUpdates", "result":"DeleteReceived", "context":{"id":"7798fb4a-7fa3-4c78-a886-2dff9ac2b789", "isDeleted:":"true", "version":"1705539737083"}}
{"logTime": "0121/092033", "correlationVector":"urgMQgsjpo5J0We6HfpiC5.48","action":"GetUpdates", "result":"DeleteReceived", "context":{"id":"48df2f34-0af7-4205-8126-e4decbfbc5c9", "isDeleted:":"true", "version":"1705539737084"}}
{"logTime": "0121/092033", "correlationVector":"urgMQgsjpo5J0We6HfpiC5.49","action":"GetUpdates", "result":"DeleteReceived", "context":{"id":"e4236e71-5cb4-4a18-9b38-5f815eb5fce8", "isDeleted:":"true", "version":"1705616170770"}}
{"logTime": "0121/092033", "correlationVector":"urgMQgsjpo5J0We6HfpiC5.50","action":"GetUpdates", "result":"DeleteReceived", "context":{"id":"6fa2ef2e-93b7-4b45-b472-61bfe04608fc", "isDeleted:":"true", "version":"1705630778465"}}
{"logTime": "0121/092033", "correlationVector":"urgMQgsjpo5J0We6HfpiC5.51","action":"GetUpdates", "result":"DeleteReceived", "context":{"id":"6cd2fbf2-186f-4176-b74f-46f124f9fd3b", "isDeleted:":"true", "version":"1705630778466"}}
{"logTime": "0121/092033", "correlationVector":"urgMQgsjpo5J0We6HfpiC5.52","action":"GetUpdates", "result":"DeleteReceived", "context":{"id":"13d5387b-6821-4478-b8d6-17c607583667", "isDeleted:":"true", "version":"1705674053307"}}
{"logTime": "0121/092033", "correlationVector":"urgMQgsjpo5J0We6HfpiC5.53","action":"GetUpdates", "result":"DeleteReceived", "context":{"id":"292791c1-0f93-43ee-b71c-d5f10163e955", "isDeleted:":"true", "version":"1705704195297"}}
{"logTime": "0121/092033", "correlationVector":"urgMQgsjpo5J0We6HfpiC5.54","action":"GetUpdates", "result":"DeleteReceived", "context":{"id":"3bb0d277-6737-4275-ad7b-34c9cd681304", "isDeleted:":"true", "version":"1705704195298"}}
{"logTime": "0121/092033", "correlationVector":"urgMQgsjpo5J0We6HfpiC5.55","action":"GetUpdates", "result":"DeleteReceived", "context":{"id":"af0d5664-8180-47b1-b8ec-0fc9ec56118f", "isDeleted:":"true", "version":"1705704195299"}}
{"logTime": "0121/092033", "correlationVector":"urgMQgsjpo5J0We6HfpiC5.56","action":"GetUpdates", "result":"DeleteReceived", "context":{"id":"933618fb-40d2-489e-aa9f-4bbabf17fb98", "isDeleted:":"true", "version":"1705704195300"}}
{"logTime": "0121/092033", "correlationVector":"urgMQgsjpo5J0We6HfpiC5.57","action":"GetUpdates", "result":"DeleteReceived", "context":{"id":"4ee75ef9-a0ae-4d5f-b3b4-cc20d04274a1", "isDeleted:":"true", "version":"1705704195301"}}
{"logTime": "0121/092033", "correlationVector":"urgMQgsjpo5J0We6HfpiC5.58","action":"GetUpdates", "result":"DeleteReceived", "context":{"id":"6e801bde-6ae4-4e01-950a-b8d20f55be4c", "isDeleted:":"true", "version":"1705704195303"}}
{"logTime": "0121/092033", "correlationVector":"urgMQgsjpo5J0We6HfpiC5.59","action":"GetUpdates", "result":"DeleteReceived", "context":{"id":"16295f61-b822-481e-8339-9bf698d16412", "isDeleted:":"true", "version":"1705704195304"}}
{"logTime": "0121/092033", "correlationVector":"urgMQgsjpo5J0We6HfpiC5.60","action":"GetUpdates", "result":"DeleteReceived", "context":{"id":"c657983e-6ee0-465d-8913-31c714847dae", "isDeleted:":"true", "version":"1705704195305"}}
{"logTime": "0121/092033", "correlationVector":"urgMQgsjpo5J0We6HfpiC5.61","action":"GetUpdates", "result":"DeleteReceived", "context":{"id":"2e7463c4-46de-471e-a5d6-bf2ad4e31b6e", "isDeleted:":"true", "version":"1705704195306"}}
{"logTime": "0121/092033", "correlationVector":"urgMQgsjpo5J0We6HfpiC5.62","action":"GetUpdates", "result":"DeleteReceived", "context":{"id":"dfcc0c49-d9f4-4683-bbcc-dffb7964dc4b", "isDeleted:":"true", "version":"1705704195307"}}
{"logTime": "0121/092033", "correlationVector":"urgMQgsjpo5J0We6HfpiC5.63","action":"GetUpdates", "result":"DeleteReceived", "context":{"id":"2992a788-8d58-4b1d-afd1-33a4064fb49a", "isDeleted:":"true", "version":"1705704195308"}}
{"logTime": "0121/092033", "correlationVector":"urgMQgsjpo5J0We6HfpiC5.64","action":"GetUpdates", "result":"DeleteReceived", "context":{"id":"7d0d1b3a-860a-4248-83e1-b99517d30243", "isDeleted:":"true", "version":"1705704195309"}}
{"logTime": "0121/092033", "correlationVector":"urgMQgsjpo5J0We6HfpiC5.65","action":"GetUpdates", "result":"DeleteReceived", "context":{"id":"2b4cfd84-5758-4269-b6bf-121022dde0e2", "isDeleted:":"true", "version":"1705704195310"}}
{"logTime": "0121/092033", "correlationVector":"urgMQgsjpo5J0We6HfpiC5.66","action":"GetUpdates", "result":"DeleteReceived", "context":{"id":"43bdc976-5998-4ee6-93f4-354d6b7f4b7b", "isDeleted:":"true", "version":"1705704195311"}}
{"logTime": "0121/092033", "correlationVector":"urgMQgsjpo5J0We6HfpiC5.67","action":"GetUpdates", "result":"DeleteReceived", "context":{"id":"96fef10c-e3ff-4425-baab-b7803eb62327", "isDeleted:":"true", "version":"1705704195312"}}
{"logTime": "0121/092033", "correlationVector":"urgMQgsjpo5J0We6HfpiC5.68","action":"GetUpdates", "result":"DeleteReceived", "context":{"id":"4fc5c223-388a-44e8-be0d-10a4af065eb2", "isDeleted:":"true", "version":"1705704195313"}}
{"logTime": "0121/092033", "correlationVector":"urgMQgsjpo5J0We6HfpiC5.69","action":"GetUpdates", "result":"DeleteReceived", "context":{"id":"90728746-2363-45c6-9782-11abb3be1ac9", "isDeleted:":"true", "version":"1705744556139"}}
{"logTime": "0121/092033", "correlationVector":"urgMQgsjpo5J0We6HfpiC5.70","action":"GetUpdates", "result":"DeleteReceived", "context":{"id":"3e24d7cd-dd2e-4674-96e4-0a484918a4e0", "isDeleted:":"true", "version":"1705744556140"}}
{"logTime": "0121/092033", "correlationVector":"urgMQgsjpo5J0We6HfpiC5.71","action":"GetUpdates", "result":"DeleteReceived", "context":{"id":"2d8c7a46-a9a1-4f1f-8f30-c30292f45104", "isDeleted:":"true", "version":"1705744556141"}}
{"logTime": "0121/092033", "correlationVector":"urgMQgsjpo5J0We6HfpiC5.72","action":"GetUpdates", "result":"DeleteReceived", "context":{"id":"8a442127-a30c-4b93-9709-f10adce99ebe", "isDeleted:":"true", "version":"1705744556142"}}
{"logTime": "0121/092033", "correlationVector":"urgMQgsjpo5J0We6HfpiC5.73","action":"GetUpdates", "result":"DeleteReceived", "context":{"id":"8edf4201-8d36-45f1-b677-d9ca7fa73def", "isDeleted:":"true", "version":"1705744556144"}}
{"logTime": "0121/092033", "correlationVector":"urgMQgsjpo5J0We6HfpiC5.74","action":"GetUpdates", "result":"DeleteReceived", "context":{"id":"a9070cba-302a-4741-be18-0091186be510", "isDeleted:":"true", "version":"1705744556145"}}
{"logTime": "0121/092033", "correlationVector":"urgMQgsjpo5J0We6HfpiC5.75","action":"GetUpdates", "result":"DeleteReceived", "context":{"id":"1a1d6bb3-b129-4182-8f4a-74d5c881144d", "isDeleted:":"true", "version":"1705744556146"}}
{"logTime": "0121/092033", "correlationVector":"urgMQgsjpo5J0We6HfpiC5.76","action":"GetUpdates", "result":"DeleteReceived", "context":{"id":"10df401e-fdbb-429e-a412-9a197e249d03", "isDeleted:":"true", "version":"1705744556147"}}
{"logTime": "0121/092033", "correlationVector":"urgMQgsjpo5J0We6HfpiC5.77","action":"GetUpdates", "result":"DeleteReceived", "context":{"id":"bb2184a0-55bb-4490-a661-c09e97de3dd4", "isDeleted:":"true", "version":"1705744556149"}}
{"logTime": "0121/092033", "correlationVector":"urgMQgsjpo5J0We6HfpiC5.78","action":"GetUpdates", "result":"DeleteReceived", "context":{"id":"4b2475c9-83e1-4349-972c-a824a174702a", "isDeleted:":"true", "version":"1705744556150"}}
{"logTime": "0121/092033", "correlationVector":"urgMQgsjpo5J0We6HfpiC5.79","action":"GetUpdates", "result":"DeleteReceived", "context":{"id":"8d831a6f-e6bd-4191-9068-416df7765530", "isDeleted:":"true", "version":"1705744556151"}}
{"logTime": "0121/092033", "correlationVector":"urgMQgsjpo5J0We6HfpiC5.80","action":"GetUpdates", "result":"DeleteReceived", "context":{"id":"a87b42c8-913d-48e7-ad80-dd8b057256ee", "isDeleted:":"true", "version":"1705757393642"}}
{"logTime": "0121/092033", "correlationVector":"urgMQgsjpo5J0We6HfpiC5.81","action":"GetUpdates", "result":"DeleteReceived", "context":{"id":"4a47ac58-658c-4d14-91fd-1b5552961787", "isDeleted:":"true", "version":"1705760168963"}}
{"logTime": "0121/092033", "correlationVector":"urgMQgsjpo5J0We6HfpiC5.82","action":"GetUpdates", "result":"DeleteReceived", "context":{"id":"7e302f80-56ef-41e6-b7b4-71d788632b63", "isDeleted:":"true", "version":"1705789381127"}}
{"logTime": "0121/092033", "correlationVector":"urgMQgsjpo5J0We6HfpiC5.83","action":"GetUpdates", "result":"DeleteReceived", "context":{"id":"a2143991-7148-47c0-9f6b-91805ec27b9e", "isDeleted:":"true", "version":"1705789381128"}}
{"logTime": "0121/092033", "correlationVector":"urgMQgsjpo5J0We6HfpiC5.84","action":"GetUpdates", "result":"DeleteReceived", "context":{"id":"fccf7381-43f0-4e85-b9d8-171c62a7bda0", "isDeleted:":"true", "version":"1705789381129"}}
{"logTime": "0121/092033", "correlationVector":"urgMQgsjpo5J0We6HfpiC5.85","action":"GetUpdates", "result":"DeleteReceived", "context":{"id":"9e5991d6-bdc6-4e57-93d6-e2dcc8013e54", "isDeleted:":"true", "version":"1705790725861"}}
{"logTime": "0121/092033", "correlationVector":"urgMQgsjpo5J0We6HfpiC5.86","action":"GetUpdates", "result":"DeleteReceived", "context":{"id":"12221d29-3566-4607-abb3-e7a3c229409a", "isDeleted:":"true", "version":"1705805040617"}}
{"logTime": "0121/092033", "correlationVector":"urgMQgsjpo5J0We6HfpiC5.87","action":"GetUpdates", "result":"DeleteReceived", "context":{"id":"784723ea-6581-4f25-b2c8-9fd03023e271", "isDeleted:":"true", "version":"1705805040618"}}
{"logTime": "0121/092033", "correlationVector":"urgMQgsjpo5J0We6HfpiC5.88","action":"GetUpdates Response", "result":"SYNCER_OK", "context":Received 137 update(s). cV=urgMQgsjpo5J0We6HfpiC5.0;server=GENERAL0100000K;cloudType=Consumer;environment=Prod_SoutheastAsia_000j;migrationStage=NotStarted}
{"logTime": "0121/092033", "correlationVector":"31d95l7GeuBBNMkDegOSaF","action":"Normal GetUpdate request", "result":"", "context":cV=31d95l7GeuBBNMkDegOSaF
Nudged types: Bookmarks, Sessions, Device Info, User Consents
Refresh requested types: Bookmarks, Preferences, Passwords, Autofill Profiles, Autofill, Autofill Custom Data, Typed URLs, Extensions, Sessions, Extension settings, History Delete Directives, Device Info, User Consents, Send Tab To Self, Web Apps, Collection, Edge E Drop, Edge Hub App Usage, Edge Wallet, Encryption Keys}
{"logTime": "0121/092033", "correlationVector":"31d95l7GeuBBNMkDegOSaF.1","action":"SyncServerConnectionManagerRequest", "result":"SYNC_SERVER_OK", "context":{"environment":"Prod_SoutheastAsia_000j", "migrationStage":"NotStarted", "server":"GENERAL0100001I"}}
{"logTime": "0121/092033", "correlationVector":"31d95l7GeuBBNMkDegOSaF.2","action":"GetUpdates Response", "result":"SYNCER_OK", "context":Received 0 update(s). cV=31d95l7GeuBBNMkDegOSaF.0;server=GENERAL0100001I;cloudType=Consumer;environment=Prod_SoutheastAsia_000j;migrationStage=NotStarted}
{"logTime": "0121/092033", "correlationVector":"O7e5uLXs0IEF5YJzuFmz7N","action":"Commit Request", "result":"", "context":Item count: 1
Contributing types: Device Info}
{"logTime": "0121/092033", "correlationVector":"O7e5uLXs0IEF5YJzuFmz7N.1","action":"SyncServerConnectionManagerRequest", "result":"SYNC_SERVER_OK", "context":{"environment":"Prod_SoutheastAsia_000j", "migrationStage":"NotStarted", "server":"GENERAL01000018"}}
{"logTime": "0121/092033", "correlationVector":"O7e5uLXs0IEF5YJzuFmz7N.2","action":"Commit Response", "result":"SYNCER_OK", "context":Result: SYNCER_OK. cV=O7e5uLXs0IEF5YJzuFmz7N.0;server=GENERAL01000018;cloudType=Consumer;environment=Prod_SoutheastAsia_000j;migrationStage=NotStarted}
{"logTime": "0121/092033", "correlationVector":"xdbbdEkxpcamfP2Z33wpcB","action":"Commit Request", "result":"", "context":Item count: 12
Contributing types: Bookmarks, Typed URLs, Sessions, User Consents}
{"logTime": "0121/092034", "correlationVector":"xdbbdEkxpcamfP2Z33wpcB.1","action":"SyncServerConnectionManagerRequest", "result":"SYNC_SERVER_OK", "context":{"environment":"Prod_SoutheastAsia_000j", "migrationStage":"NotStarted", "server":"GENERAL01000010"}}
{"logTime": "0121/092034", "correlationVector":"xdbbdEkxpcamfP2Z33wpcB.2","action":"Commit Response", "result":"SYNCER_OK", "context":Result: SYNCER_OK. cV=xdbbdEkxpcamfP2Z33wpcB.0;server=GENERAL01000010;cloudType=Consumer;environment=Prod_SoutheastAsia_000j;migrationStage=NotStarted}
{"logTime": "0121/092057", "correlationVector":"Xxk0pg/yHC/Gu4BvkjVZcJ","action":"Commit Request", "result":"", "context":Item count: 2
Contributing types: Bookmarks, Sessions}
{"logTime": "0121/092058", "correlationVector":"Xxk0pg/yHC/Gu4BvkjVZcJ.1","action":"SyncServerConnectionManagerRequest", "result":"SYNC_SERVER_OK", "context":{"environment":"Prod_SoutheastAsia_000j", "migrationStage":"NotStarted", "server":"GENERAL0100000Z"}}
{"logTime": "0121/092058", "correlationVector":"Xxk0pg/yHC/Gu4BvkjVZcJ.2","action":"Commit Response", "result":"SYNCER_OK", "context":Result: SYNCER_OK. cV=Xxk0pg/yHC/Gu4BvkjVZcJ.0;server=GENERAL0100000Z;cloudType=Consumer;environment=Prod_SoutheastAsia_000j;migrationStage=NotStarted}
{"logTime": "0121/092109", "correlationVector":"BSPAZsCs+vd7rnenJtO83M","action":"Commit Request", "result":"", "context":Item count: 1
Contributing types: Web Apps}
{"logTime": "0121/092109", "correlationVector":"BSPAZsCs+vd7rnenJtO83M.1","action":"SyncServerConnectionManagerRequest", "result":"SYNC_SERVER_OK", "context":{"environment":"Prod_SoutheastAsia_000j", "migrationStage":"NotStarted", "server":"GENERAL0300001L"}}
{"logTime": "0121/092109", "correlationVector":"BSPAZsCs+vd7rnenJtO83M.2","action":"Commit Response", "result":"SYNCER_OK", "context":Result: SYNCER_OK. cV=BSPAZsCs+vd7rnenJtO83M.0;server=GENERAL0300001L;cloudType=Consumer;environment=Prod_SoutheastAsia_000j;migrationStage=NotStarted}
{"logTime": "0121/092128", "correlationVector":"ffzTJTeC6F8soaC5pahDlR","action":"Commit Request", "result":"", "context":Item count: 20
Contributing types: Passwords}
{"logTime": "0121/092129", "correlationVector":"ffzTJTeC6F8soaC5pahDlR.1","action":"SyncServerConnectionManagerRequest", "result":"SYNC_SERVER_OK", "context":{"environment":"Prod_SoutheastAsia_000j", "migrationStage":"NotStarted", "server":"GENERAL01000010"}}
{"logTime": "0121/092129", "correlationVector":"ffzTJTeC6F8soaC5pahDlR.2","action":"Commit Response", "result":"SYNCER_OK", "context":Result: SYNCER_OK. cV=ffzTJTeC6F8soaC5pahDlR.0;server=GENERAL01000010;cloudType=Consumer;environment=Prod_SoutheastAsia_000j;migrationStage=NotStarted}
{"logTime": "0121/092129", "correlationVector":"JpS1Cx6y4Pd6XrTzpsSsXn","action":"Commit Request", "result":"", "context":Item count: 20
Contributing types: Passwords}
{"logTime": "0121/092130", "correlationVector":"JpS1Cx6y4Pd6XrTzpsSsXn.1","action":"SyncServerConnectionManagerRequest", "result":"SYNC_SERVER_OK", "context":{"environment":"Prod_SoutheastAsia_000j", "migrationStage":"NotStarted", "server":"GENERAL0300000L"}}
{"logTime": "0121/092130", "correlationVector":"JpS1Cx6y4Pd6XrTzpsSsXn.2","action":"Commit Response", "result":"SYNCER_OK", "context":Result: SYNCER_OK. cV=JpS1Cx6y4Pd6XrTzpsSsXn.0;server=GENERAL0300000L;cloudType=Consumer;environment=Prod_SoutheastAsia_000j;migrationStage=NotStarted}
{"logTime": "0121/092130", "correlationVector":"fd8HgJMD+Dm7ferxfpZU9L","action":"Commit Request", "result":"", "context":Item count: 20
Contributing types: Passwords}
{"logTime": "0121/092131", "correlationVector":"fd8HgJMD+Dm7ferxfpZU9L.1","action":"SyncServerConnectionManagerRequest", "result":"SYNC_SERVER_OK", "context":{"environment":"Prod_SoutheastAsia_000j", "migrationStage":"NotStarted", "server":"GENERAL0100000Q"}}
{"logTime": "0121/092131", "correlationVector":"fd8HgJMD+Dm7ferxfpZU9L.2","action":"Commit Response", "result":"SYNCER_OK", "context":Result: SYNCER_OK. cV=fd8HgJMD+Dm7ferxfpZU9L.0;server=GENERAL0100000Q;cloudType=Consumer;environment=Prod_SoutheastAsia_000j;migrationStage=NotStarted}
{"logTime": "0121/092131", "correlationVector":"x01prFLAUNdkS0ztTThclW","action":"Commit Request", "result":"", "context":Item count: 20
Contributing types: Passwords}
{"logTime": "0121/092133", "correlationVector":"x01prFLAUNdkS0ztTThclW.1","action":"SyncServerConnectionManagerRequest", "result":"SYNC_SERVER_OK", "context":{"environment":"Prod_SoutheastAsia_000j", "migrationStage":"NotStarted", "server":"GENERAL01000015"}}
{"logTime": "0121/092133", "correlationVector":"x01prFLAUNdkS0ztTThclW.2","action":"Commit Response", "result":"SYNCER_OK", "context":Result: SYNCER_OK. cV=x01prFLAUNdkS0ztTThclW.0;server=GENERAL01000015;cloudType=Consumer;environment=Prod_SoutheastAsia_000j;migrationStage=NotStarted}
{"logTime": "0121/092133", "correlationVector":"NTrzW+anQ3NhCaU5OO0/Dw","action":"Commit Request", "result":"", "context":Item count: 20
Contributing types: Passwords}
{"logTime": "0121/092134", "correlationVector":"NTrzW+anQ3NhCaU5OO0/Dw.1","action":"SyncServerConnectionManagerRequest", "result":"SYNC_SERVER_OK", "context":{"environment":"Prod_SoutheastAsia_000j", "migrationStage":"NotStarted", "server":"GENERAL0300001D"}}
{"logTime": "0121/092134", "correlationVector":"NTrzW+anQ3NhCaU5OO0/Dw.2","action":"Commit Response", "result":"SYNCER_OK", "context":Result: SYNCER_OK. cV=NTrzW+anQ3NhCaU5OO0/Dw.0;server=GENERAL0300001D;cloudType=Consumer;environment=Prod_SoutheastAsia_000j;migrationStage=NotStarted}
{"logTime": "0121/092134", "correlationVector":"1EqiHE35g13Ppvr9q7vJM6","action":"Commit Request", "result":"", "context":Item count: 16
Contributing types: Passwords}
{"logTime": "0121/092135", "correlationVector":"1EqiHE35g13Ppvr9q7vJM6.1","action":"SyncServerConnectionManagerRequest", "result":"SYNC_SERVER_OK", "context":{"environment":"Prod_SoutheastAsia_000j", "migrationStage":"NotStarted", "server":"GENERAL0300000L"}}
{"logTime": "0121/092135", "correlationVector":"1EqiHE35g13Ppvr9q7vJM6.2","action":"Commit Response", "result":"SYNCER_OK", "context":Result: SYNCER_OK. cV=1EqiHE35g13Ppvr9q7vJM6.0;server=GENERAL0300000L;cloudType=Consumer;environment=Prod_SoutheastAsia_000j;migrationStage=NotStarted}
{"logTime": "0121/092135", "correlationVector":"g3XekJXUJIHRpJ4yN67csR","action":"Commit Request", "result":"", "context":Item count: 2
Contributing types: Bookmarks, Preferences}
{"logTime": "0121/092135", "correlationVector":"g3XekJXUJIHRpJ4yN67csR.1","action":"SyncServerConnectionManagerRequest", "result":"SYNC_SERVER_OK", "context":{"environment":"Prod_SoutheastAsia_000j", "migrationStage":"NotStarted", "server":"GENERAL0300000J"}}
{"logTime": "0121/092135", "correlationVector":"g3XekJXUJIHRpJ4yN67csR.2","action":"Commit Response", "result":"SYNCER_OK", "context":Result: SYNCER_OK. cV=g3XekJXUJIHRpJ4yN67csR.0;server=GENERAL0300000J;cloudType=Consumer;environment=Prod_SoutheastAsia_000j;migrationStage=NotStarted}
{"logTime": "0121/092138", "correlationVector":"vgmmLkm6g5To4UuH8/1xwo","action":"Commit Request", "result":"", "context":Item count: 1
Contributing types: Bookmarks}
{"logTime": "0121/092139", "correlationVector":"vgmmLkm6g5To4UuH8/1xwo.1","action":"SyncServerConnectionManagerRequest", "result":"SYNC_SERVER_OK", "context":{"environment":"Prod_SoutheastAsia_000j", "migrationStage":"NotStarted", "server":"GENERAL0300002D"}}
{"logTime": "0121/092139", "correlationVector":"vgmmLkm6g5To4UuH8/1xwo.2","action":"Commit Response", "result":"SYNCER_OK", "context":Result: SYNCER_OK. cV=vgmmLkm6g5To4UuH8/1xwo.0;server=GENERAL0300002D;cloudType=Consumer;environment=Prod_SoutheastAsia_000j;migrationStage=NotStarted}
{"logTime": "0121/092501", "correlationVector":"sKLokk37LqdfaGVorop6uz","action":"Normal GetUpdate request", "result":"", "context":cV=sKLokk37LqdfaGVorop6uz
Refresh requested types: Bookmarks, Preferences, Passwords, Autofill Profiles, Autofill, Autofill Custom Data, Typed URLs, Extensions, Sessions, Extension settings, History Delete Directives, Device Info, User Consents, Send Tab To Self, Web Apps, Collection, Edge E Drop, Edge Hub App Usage, Edge Wallet, Encryption Keys}
{"logTime": "0121/092502", "correlationVector":"sKLokk37LqdfaGVorop6uz.1","action":"SyncServerConnectionManagerRequest", "result":"SYNC_SERVER_OK", "context":{"environment":"Prod_SoutheastAsia_000j", "migrationStage":"NotStarted", "server":"GENERAL01000007"}}
{"logTime": "0121/092502", "correlationVector":"sKLokk37LqdfaGVorop6uz.2","action":"GetUpdates Response", "result":"SYNCER_OK", "context":Received 132 update(s). cV=sKLokk37LqdfaGVorop6uz.0;server=GENERAL01000007;cloudType=Consumer;environment=Prod_SoutheastAsia_000j;migrationStage=NotStarted}
